[ 2025-08-27 18:35:30,850 ] 97 werkzeug - WARNING -  * Debugger is active!
[ 2025-08-27 18:35:30,854 ] 97 werkzeug - INFO -  * Debugger PIN: 683-136-572
[ 2025-08-27 18:38:30,882 ] 97 werkzeug - INFO - 127.0.0.1 - - [27/Aug/2025 18:38:30] "GET / HTTP/1.1" 200 -
[ 2025-08-27 18:38:40,932 ] 97 werkzeug - INFO - 127.0.0.1 - - [27/Aug/2025 18:38:40] "GET / HTTP/1.1" 200 -
[ 2025-08-27 18:39:09,653 ] 97 werkzeug - INFO - 127.0.0.1 - - [27/Aug/2025 18:39:09] "GET / HTTP/1.1" 200 -
[ 2025-08-27 18:39:13,599 ] 97 werkzeug - INFO - 127.0.0.1 - - [27/Aug/2025 18:39:13] "GET /train HTTP/1.1" 200 -
[ 2025-08-27 18:39:23,068 ] 95 __main__ - INFO - File uploaded for training: wafer_23012020_041211 (1).csv
[ 2025-08-27 18:39:23,068 ] 33 src.pipeline.train_pipeline - INFO - Starting training pipeline
[ 2025-08-27 18:39:23,068 ] 36 src.pipeline.train_pipeline - INFO - Data Ingestion started
[ 2025-08-27 18:39:23,069 ] 34 components.data_ingestion - INFO - Data ingestion initiated
[ 2025-08-27 18:39:23,069 ] 47 components.data_ingestion - INFO - Reading data from D:\ML-project-main\ML-project-main\data\raw\wafer_23012020_041211 (1).csv
[ 2025-08-27 18:39:23,107 ] 61 components.data_ingestion - INFO - Dataset shape: (100, 592)
[ 2025-08-27 18:39:23,146 ] 78 components.data_ingestion - INFO - Train data saved at: D:\ML-project-main\ML-project-main\artifacts\2025-08-27-18-39-22\data_ingestion\train\train.csv
[ 2025-08-27 18:39:23,146 ] 79 components.data_ingestion - INFO - Test data saved at: D:\ML-project-main\ML-project-main\artifacts\2025-08-27-18-39-22\data_ingestion\test\test.csv
[ 2025-08-27 18:39:23,146 ] 38 src.pipeline.train_pipeline - INFO - Data Ingestion completed
[ 2025-08-27 18:39:23,146 ] 41 src.pipeline.train_pipeline - INFO - Data Validation started
[ 2025-08-27 18:39:23,147 ] 95 components.data_validation - INFO - Starting data validation
[ 2025-08-27 18:39:23,184 ] 104 components.data_validation - INFO - Train dataset shape: (80, 592)
[ 2025-08-27 18:39:23,185 ] 105 components.data_validation - INFO - Test dataset shape: (20, 592)
[ 2025-08-27 18:39:23,185 ] 28 components.data_validation - INFO - Schema loaded successfully from D:\ML-project-main\ML-project-main\config\schema.json
[ 2025-08-27 18:39:23,186 ] 28 components.data_validation - INFO - Schema loaded successfully from D:\ML-project-main\ML-project-main\config\schema.json
[ 2025-08-27 18:39:23,187 ] 126 components.data_validation - INFO - Data validation completed with status: True
[ 2025-08-27 18:39:23,187 ] 127 components.data_validation - INFO - Validation report saved at: D:\ML-project-main\ML-project-main\artifacts\2025-08-27-18-39-22\data_validation\report.json
[ 2025-08-27 18:39:23,187 ] 43 src.pipeline.train_pipeline - INFO - Data Validation completed
[ 2025-08-27 18:39:23,187 ] 49 src.pipeline.train_pipeline - INFO - Data Transformation started
[ 2025-08-27 18:39:23,225 ] 64 components.data_transformation - INFO - Train dataset shape: (80, 592)
[ 2025-08-27 18:39:23,225 ] 65 components.data_transformation - INFO - Test dataset shape: (20, 592)
[ 2025-08-27 18:39:23,228 ] 37 components.data_transformation - INFO - Numerical preprocessing pipeline created
[ 2025-08-27 18:39:23,262 ] 94 components.data_transformation - INFO - Transformed train data saved at: D:\ML-project-main\ML-project-main\artifacts\2025-08-27-18-39-22\data_transformation\train\transformed_train.npz
[ 2025-08-27 18:39:23,262 ] 95 components.data_transformation - INFO - Transformed test data saved at: D:\ML-project-main\ML-project-main\artifacts\2025-08-27-18-39-22\data_transformation\test\transformed_test.npz
[ 2025-08-27 18:39:23,265 ] 21 utils.utils - INFO - Object saved successfully at: D:\ML-project-main\ML-project-main\artifacts\2025-08-27-18-39-22\data_transformation\preprocessed.pkl
[ 2025-08-27 18:39:23,265 ] 101 components.data_transformation - INFO - Preprocessor object saved at: D:\ML-project-main\ML-project-main\artifacts\2025-08-27-18-39-22\data_transformation\preprocessed.pkl
[ 2025-08-27 18:39:23,265 ] 53 src.pipeline.train_pipeline - INFO - Data Transformation completed
[ 2025-08-27 18:39:23,265 ] 56 src.pipeline.train_pipeline - INFO - Model Training started
[ 2025-08-27 18:39:23,266 ] 95 components.model_trainer - INFO - Splitting training and test data into features and target
[ 2025-08-27 18:39:23,266 ] 40 components.model_trainer - INFO - Training Random Forest model
[ 2025-08-27 18:39:23,407 ] 60 components.model_trainer - INFO - Random Forest - Accuracy: 1.0, Precision: 1.0, Recall: 1.0, F1: 1.0
[ 2025-08-27 18:39:23,407 ] 40 components.model_trainer - INFO - Training Gradient Boosting model
[ 2025-08-27 18:39:25,128 ] 60 components.model_trainer - INFO - Gradient Boosting - Accuracy: 1.0, Precision: 1.0, Recall: 1.0, F1: 1.0
[ 2025-08-27 18:39:25,128 ] 67 components.model_trainer - INFO - Best model: Random Forest with accuracy: 1.0
[ 2025-08-27 18:39:25,136 ] 113 components.model_trainer - INFO - Test metrics - Accuracy: 1.0, Precision: 0.0, Recall: 0.0, F1: 0.0
[ 2025-08-27 18:39:25,139 ] 21 utils.utils - INFO - Object saved successfully at: D:\ML-project-main\ML-project-main\artifacts\2025-08-27-18-39-22\model_trainer\model.pkl
[ 2025-08-27 18:39:25,139 ] 119 components.model_trainer - INFO - Model saved at: D:\ML-project-main\ML-project-main\artifacts\2025-08-27-18-39-22\model_trainer\model.pkl
[ 2025-08-27 18:39:25,139 ] 58 src.pipeline.train_pipeline - INFO - Model Training completed
[ 2025-08-27 18:39:25,139 ] 60 src.pipeline.train_pipeline - INFO - Training pipeline completed successfully. Model saved at: D:\ML-project-main\ML-project-main\artifacts\2025-08-27-18-39-22\model_trainer\model.pkl
[ 2025-08-27 18:39:25,140 ] 97 werkzeug - INFO - 127.0.0.1 - - [27/Aug/2025 18:39:25] "POST /train HTTP/1.1" 200 -
[ 2025-08-27 18:39:31,923 ] 97 werkzeug - INFO - 127.0.0.1 - - [27/Aug/2025 18:39:31] "GET /train HTTP/1.1" 200 -
[ 2025-08-27 18:39:35,721 ] 97 werkzeug - INFO - 127.0.0.1 - - [27/Aug/2025 18:39:35] "GET /predict HTTP/1.1" 200 -
[ 2025-08-27 18:39:50,073 ] 35 __main__ - INFO - File uploaded: test_wafer1 (1).csv, Shape: (101, 592)
[ 2025-08-27 18:39:50,074 ] 39 pipeline.predict_pipeline - INFO - Loading model from: D:\ML-project-main\ML-project-main\artifacts\2025-08-27-18-39-22\model_trainer\model.pkl
[ 2025-08-27 18:39:50,074 ] 40 pipeline.predict_pipeline - INFO - Loading preprocessor from: D:\ML-project-main\ML-project-main\artifacts\2025-08-27-18-39-22\data_transformation\preprocessed.pkl
[ 2025-08-27 18:39:50,074 ] 37 utils.utils - ERROR - Error in load_object: dump() missing required argument 'file' (pos 2)
[ 2025-08-27 18:39:50,074 ] 46 pipeline.predict_pipeline - ERROR - Error initializing prediction pipeline: Error occurred in python script name [D:\ML-project-main\ML-project-main\src\utils\utils.py] line number [32] error message [dump() missing required argument 'file' (pos 2)]
[ 2025-08-27 18:39:50,074 ] 71 __main__ - ERROR - Error in prediction: Error occurred in python script name [D:\ML-project-main\ML-project-main\src\pipeline\predict_pipeline.py] line number [42] error message [Error occurred in python script name [D:\ML-project-main\ML-project-main\src\utils\utils.py] line number [32] error message [dump() missing required argument 'file' (pos 2)]]
[ 2025-08-27 18:39:50,075 ] 97 werkzeug - INFO - 127.0.0.1 - - [27/Aug/2025 18:39:50] "POST /predict HTTP/1.1" 200 -
[ 2025-08-27 18:40:59,889 ] 97 werkzeug - INFO -  * Detected change in 'D:\\ML-project-main\\ML-project-main\\src\\utils\\utils.py', reloading
