[ 2025-08-27 18:21:40,252 ] 97 werkzeug - WARNING -  * Debugger is active!
[ 2025-08-27 18:21:40,255 ] 97 werkzeug - INFO -  * Debugger PIN: 683-136-572
[ 2025-08-27 18:21:44,664 ] 97 werkzeug - INFO - 127.0.0.1 - - [27/Aug/2025 18:21:44] "GET / HTTP/1.1" 200 -
[ 2025-08-27 18:21:49,676 ] 97 werkzeug - INFO - 127.0.0.1 - - [27/Aug/2025 18:21:49] "GET /train HTTP/1.1" 200 -
[ 2025-08-27 18:24:53,652 ] 95 __main__ - INFO - File uploaded for training: wafer_23012020_041211 (1).csv
[ 2025-08-27 18:24:53,652 ] 33 src.pipeline.train_pipeline - INFO - Starting training pipeline
[ 2025-08-27 18:24:53,653 ] 36 src.pipeline.train_pipeline - INFO - Data Ingestion started
[ 2025-08-27 18:24:53,654 ] 34 components.data_ingestion - INFO - Data ingestion initiated
[ 2025-08-27 18:24:53,654 ] 43 components.data_ingestion - INFO - Reading data from D:\ML-project-main\ML-project-main\data\raw\wafer_23012020_041211 (1).csv
[ 2025-08-27 18:24:53,691 ] 53 components.data_ingestion - INFO - Dataset shape: (100, 592)
[ 2025-08-27 18:24:53,742 ] 65 components.data_ingestion - INFO - Train data saved at: D:\ML-project-main\ML-project-main\artifacts\2025-08-27-18-24-53\data_ingestion\train\train.csv
[ 2025-08-27 18:24:53,742 ] 66 components.data_ingestion - INFO - Test data saved at: D:\ML-project-main\ML-project-main\artifacts\2025-08-27-18-24-53\data_ingestion\test\test.csv
[ 2025-08-27 18:24:53,742 ] 38 src.pipeline.train_pipeline - INFO - Data Ingestion completed
[ 2025-08-27 18:24:53,742 ] 41 src.pipeline.train_pipeline - INFO - Data Validation started
[ 2025-08-27 18:24:53,742 ] 87 components.data_validation - INFO - Starting data validation
[ 2025-08-27 18:24:53,781 ] 96 components.data_validation - INFO - Train dataset shape: (80, 592)
[ 2025-08-27 18:24:53,781 ] 97 components.data_validation - INFO - Test dataset shape: (20, 592)
[ 2025-08-27 18:24:53,781 ] 28 components.data_validation - INFO - Schema loaded successfully from D:\ML-project-main\ML-project-main\config\schema.json
[ 2025-08-27 18:24:53,781 ] 52 components.data_validation - ERROR - Required column Wafer not found in the dataset
[ 2025-08-27 18:24:53,782 ] 28 components.data_validation - INFO - Schema loaded successfully from D:\ML-project-main\ML-project-main\config\schema.json
[ 2025-08-27 18:24:53,782 ] 52 components.data_validation - ERROR - Required column Wafer not found in the dataset
[ 2025-08-27 18:24:53,782 ] 118 components.data_validation - INFO - Data validation completed with status: False
[ 2025-08-27 18:24:53,783 ] 119 components.data_validation - INFO - Validation report saved at: D:\ML-project-main\ML-project-main\artifacts\2025-08-27-18-24-53\data_validation\report.json
[ 2025-08-27 18:24:53,783 ] 43 src.pipeline.train_pipeline - INFO - Data Validation completed
[ 2025-08-27 18:24:53,783 ] 65 src.pipeline.train_pipeline - ERROR - Error in training pipeline: Data validation failed. Please check the data.
[ 2025-08-27 18:24:53,783 ] 104 __main__ - ERROR - Error in training: Error occurred in python script name [D:\ML-project-main\ML-project-main\src\pipeline\train_pipeline.py] line number [46] error message [Data validation failed. Please check the data.]
[ 2025-08-27 18:24:53,783 ] 97 werkzeug - INFO - 127.0.0.1 - - [27/Aug/2025 18:24:53] "POST /train HTTP/1.1" 200 -
[ 2025-08-27 18:33:20,542 ] 97 werkzeug - INFO -  * Detected change in 'D:\\ML-project-main\\ML-project-main\\src\\components\\data_ingestion.py', reloading
