[ 2025-08-27 18:35:11,225 ] 33 src.pipeline.train_pipeline - INFO - Starting training pipeline
[ 2025-08-27 18:35:11,225 ] 36 src.pipeline.train_pipeline - INFO - Data Ingestion started
[ 2025-08-27 18:35:11,226 ] 34 components.data_ingestion - INFO - Data ingestion initiated
[ 2025-08-27 18:35:11,226 ] 47 components.data_ingestion - INFO - Reading data from D:\ML-project-main\ML-project-main\data\raw\wafer_23012020_041211 (1).csv
[ 2025-08-27 18:35:11,262 ] 61 components.data_ingestion - INFO - Dataset shape: (100, 592)
[ 2025-08-27 18:35:11,313 ] 78 components.data_ingestion - INFO - Train data saved at: D:\ML-project-main\ML-project-main\artifacts\2025-08-27-18-35-11\data_ingestion\train\train.csv
[ 2025-08-27 18:35:11,313 ] 79 components.data_ingestion - INFO - Test data saved at: D:\ML-project-main\ML-project-main\artifacts\2025-08-27-18-35-11\data_ingestion\test\test.csv
[ 2025-08-27 18:35:11,314 ] 38 src.pipeline.train_pipeline - INFO - Data Ingestion completed
[ 2025-08-27 18:35:11,314 ] 41 src.pipeline.train_pipeline - INFO - Data Validation started
[ 2025-08-27 18:35:11,314 ] 95 components.data_validation - INFO - Starting data validation
[ 2025-08-27 18:35:11,358 ] 104 components.data_validation - INFO - Train dataset shape: (80, 592)
[ 2025-08-27 18:35:11,358 ] 105 components.data_validation - INFO - Test dataset shape: (20, 592)
[ 2025-08-27 18:35:11,358 ] 28 components.data_validation - INFO - Schema loaded successfully from D:\ML-project-main\ML-project-main\config\schema.json
[ 2025-08-27 18:35:11,359 ] 28 components.data_validation - INFO - Schema loaded successfully from D:\ML-project-main\ML-project-main\config\schema.json
[ 2025-08-27 18:35:11,360 ] 126 components.data_validation - INFO - Data validation completed with status: True
[ 2025-08-27 18:35:11,360 ] 127 components.data_validation - INFO - Validation report saved at: D:\ML-project-main\ML-project-main\artifacts\2025-08-27-18-35-11\data_validation\report.json
[ 2025-08-27 18:35:11,360 ] 43 src.pipeline.train_pipeline - INFO - Data Validation completed
[ 2025-08-27 18:35:11,360 ] 49 src.pipeline.train_pipeline - INFO - Data Transformation started
[ 2025-08-27 18:35:11,402 ] 64 components.data_transformation - INFO - Train dataset shape: (80, 592)
[ 2025-08-27 18:35:11,402 ] 65 components.data_transformation - INFO - Test dataset shape: (20, 592)
[ 2025-08-27 18:35:11,406 ] 37 components.data_transformation - INFO - Numerical preprocessing pipeline created
[ 2025-08-27 18:35:11,443 ] 94 components.data_transformation - INFO - Transformed train data saved at: D:\ML-project-main\ML-project-main\artifacts\2025-08-27-18-35-11\data_transformation\train\transformed_train.npz
[ 2025-08-27 18:35:11,443 ] 95 components.data_transformation - INFO - Transformed test data saved at: D:\ML-project-main\ML-project-main\artifacts\2025-08-27-18-35-11\data_transformation\test\transformed_test.npz
[ 2025-08-27 18:35:11,445 ] 21 utils.utils - INFO - Object saved successfully at: D:\ML-project-main\ML-project-main\artifacts\2025-08-27-18-35-11\data_transformation\preprocessed.pkl
[ 2025-08-27 18:35:11,445 ] 101 components.data_transformation - INFO - Preprocessor object saved at: D:\ML-project-main\ML-project-main\artifacts\2025-08-27-18-35-11\data_transformation\preprocessed.pkl
[ 2025-08-27 18:35:11,446 ] 53 src.pipeline.train_pipeline - INFO - Data Transformation completed
[ 2025-08-27 18:35:11,446 ] 56 src.pipeline.train_pipeline - INFO - Model Training started
[ 2025-08-27 18:35:11,446 ] 95 components.model_trainer - INFO - Splitting training and test data into features and target
[ 2025-08-27 18:35:11,447 ] 40 components.model_trainer - INFO - Training Random Forest model
[ 2025-08-27 18:35:11,600 ] 60 components.model_trainer - INFO - Random Forest - Accuracy: 1.0, Precision: 1.0, Recall: 1.0, F1: 1.0
[ 2025-08-27 18:35:11,600 ] 40 components.model_trainer - INFO - Training Gradient Boosting model
[ 2025-08-27 18:35:13,356 ] 60 components.model_trainer - INFO - Gradient Boosting - Accuracy: 1.0, Precision: 1.0, Recall: 1.0, F1: 1.0
[ 2025-08-27 18:35:13,356 ] 67 components.model_trainer - INFO - Best model: Random Forest with accuracy: 1.0
[ 2025-08-27 18:35:13,365 ] 113 components.model_trainer - INFO - Test metrics - Accuracy: 1.0, Precision: 0.0, Recall: 0.0, F1: 0.0
[ 2025-08-27 18:35:13,369 ] 21 utils.utils - INFO - Object saved successfully at: D:\ML-project-main\ML-project-main\artifacts\2025-08-27-18-35-11\model_trainer\model.pkl
[ 2025-08-27 18:35:13,369 ] 119 components.model_trainer - INFO - Model saved at: D:\ML-project-main\ML-project-main\artifacts\2025-08-27-18-35-11\model_trainer\model.pkl
[ 2025-08-27 18:35:13,369 ] 58 src.pipeline.train_pipeline - INFO - Model Training completed
[ 2025-08-27 18:35:13,369 ] 60 src.pipeline.train_pipeline - INFO - Training pipeline completed successfully. Model saved at: D:\ML-project-main\ML-project-main\artifacts\2025-08-27-18-35-11\model_trainer\model.pkl
